Model: als, n_iter: 1, rank: 11, init_stdev: 0.0019573907775650777, reg_w: 0.47748955959241607, reg_v: 0.0014473960353940025, step_size: 0.03049714373346378
MNAP: 0.0
Time spent: 0.42718936999638873 10.884882871309916

Model: als, n_iter: 16, rank: 11, init_stdev: 1.509773396216356e-05, reg_w: 1.951555624840026, reg_v: 42.068516414741275, step_size: 1.4159248680708005e-05
MNAP: 0.0
Time spent: 4.679405510425568 10.857048853238423

Model: als, n_iter: 2, rank: 3, init_stdev: 6.215775744020975e-05, reg_w: 0.005347277550738089, reg_v: 600.8849825497749, step_size: 1.0128194968938398e-05
MNAP: 0.0
Time spent: 0.2876889109611511 8.524684782822927

Model: sgd, n_iter: 21, rank: 15, init_stdev: 0.3125826285368396, reg_w: 0.03203910999064945, reg_v: 940.1239337201008, step_size: 0.00019654168332703143
MNAP: 7.789961426951279e-05
Time spent: 0.05687108834584554 12.126434616247813

Model: als, n_iter: 44, rank: 5, init_stdev: 0.08743588863876624, reg_w: 0.018399699175320295, reg_v: 4.574219386012684, step_size: 8.420210930421313e-05
MNAP: 2.3961278573824696e-06
Time spent: 6.679884473482768 9.051974487304687

Model: als, n_iter: 27, rank: 5, init_stdev: 0.0009263545193398296, reg_w: 0.049102898241087524, reg_v: 3.7776505624399292, step_size: 0.14458334966391753
MNAP: 1.3597074746257666e-05
Time spent: 4.11716339190801 9.018148322900137

Model: sgd, n_iter: 30, rank: 21, init_stdev: 0.0004939871176145114, reg_w: 0.5534262384444297, reg_v: 210.78780627801737, step_size: 3.0369583544503836e-05
MNAP: 4.5099528126133595e-05
Time spent: 0.06784433921178182 13.674208335081737

Model: als, n_iter: 3, rank: 2, init_stdev: 0.0007892440992007015, reg_w: 0.0011554119427341454, reg_v: 812.7890916760877, step_size: 0.014766592656624665
MNAP: 0.0
Time spent: 0.31471707820892336 8.17544002532959

Model: als, n_iter: 23, rank: 3, init_stdev: 0.42498373734103945, reg_w: 19.36107402958834, reg_v: 0.08428015332348016, step_size: 0.004373586708117876
MNAP: 2.4315281668222848e-05
Time spent: 2.4851828773816425 8.458471218744913

Model: als, n_iter: 2, rank: 3, init_stdev: 0.0021566612701193815, reg_w: 0.011978110622517767, reg_v: 461.9671931326866, step_size: 0.002198975685602485
MNAP: 0.0
Time spent: 0.2867572585741679 8.393425353368123

Model: sgd, n_iter: 87, rank: 22, init_stdev: 0.028009823842007446, reg_w: 71.99649142694062, reg_v: 0.05784149873582196, step_size: 0.00025876668659673976
MNAP: 9.291096698845776e-05
Time spent: 0.07002245982487997 13.9680961728096

Model: sgd, n_iter: 93, rank: 31, init_stdev: 0.03744215883413905, reg_w: 92.50096514562615, reg_v: 0.019830541322461908, step_size: 0.00041172621398369785
MNAP: 0.00022300237559334744
Time spent: 0.08600380420684814 16.651422798633575

Model: sgd, n_iter: 90, rank: 32, init_stdev: 0.027951312988802858, reg_w: 87.52807876791648, reg_v: 0.03169929033856644, step_size: 0.0004975899899378959
MNAP: 0.0001829037086525691
Time spent: 0.08851353327433269 17.176059448719023

Model: sgd, n_iter: 70, rank: 30, init_stdev: 0.018999503728767388, reg_w: 7.912416082881215, reg_v: 0.007700145151466068, step_size: 0.0007444358499491741
MNAP: 0.0001068224146604484
Time spent: 0.08529477914174398 16.61334766546885

Model: sgd, n_iter: 98, rank: 31, init_stdev: 0.012711256777511884, reg_w: 88.84320373255851, reg_v: 0.130868812574851, step_size: 0.0006507207253141157
MNAP: 0.00014170028404965923
Time spent: 0.08803706963857015 16.93816639582316

Model: sgd, n_iter: 9, rank: 17, init_stdev: 0.10501471790455665, reg_w: 11.370892228759828, reg_v: 0.010465058274836186, step_size: 0.417454492376002
MNAP: 0.0
Time spent: 0.06131064097086589 12.82428875764211

Model: sgd, n_iter: 9, rank: 9, init_stdev: 0.009383322704622186, reg_w: 2.667994840205658, reg_v: 0.5161949444833873, step_size: 0.002488803300787519
MNAP: 4.305578427827833e-06
Time spent: 0.046606298287709555 10.36113783121109

Model: sgd, n_iter: 50, rank: 32, init_stdev: 0.05994696504048486, reg_w: 33.14681322396935, reg_v: 0.0014108321279005206, step_size: 6.656517776690707e-05
MNAP: 0.00016592811866364093
Time spent: 0.08995442390441895 17.278170994917552

Model: sgd, n_iter: 5, rank: 20, init_stdev: 0.7200781292414228, reg_w: 4.386010947874502, reg_v: 0.013718073599286862, step_size: 0.014217461143428872
MNAP: 1.7115198981303357e-06
Time spent: 0.06734954516092936 13.84625576734543

Model: sgd, n_iter: 38, rank: 7, init_stdev: 0.005750376639359642, reg_w: 0.09124162007411868, reg_v: 2.037625139644334, step_size: 0.0008775227762729119
MNAP: 8.33027523666879e-05
Time spent: 0.04317500193913778 9.717355358600617

Model: sgd, n_iter: 13, rank: 14, init_stdev: 0.19226992300404294, reg_w: 1.3246657113631763, reg_v: 0.5242749050555053, step_size: 0.0002479159001823978
MNAP: 2.8486188541539096e-05
Time spent: 0.056784288088480635 192.0473855694135

Model: sgd, n_iter: 56, rank: 24, init_stdev: 0.04701854882256115, reg_w: 32.95376543670089, reg_v: 0.0013078191690429623, step_size: 7.331013010324739e-05
MNAP: 9.893179288935745e-05
Time spent: 0.3968751390775045 183.21103035608928

Model: sgd, n_iter: 58, rank: 32, init_stdev: 0.05607661356621116, reg_w: 35.160585717171614, reg_v: 0.003500544705025178, step_size: 5.2080303420046523e-05
MNAP: 0.0001666688320022697
Time spent: 0.967820425828298 214.57021884123483

Model: sgd, n_iter: 100, rank: 26, init_stdev: 0.028654933922809298, reg_w: 72.02167145409729, reg_v: 0.02425853517060761, step_size: 0.00017089932346613337
MNAP: 0.00022414800573211443
Time spent: 0.546230407555898 173.89951789776484

Model: sgd, n_iter: 100, rank: 18, init_stdev: 0.0041025815870179335, reg_w: 95.95214345721992, reg_v: 0.03951769132329665, step_size: 0.00034108083176789534
MNAP: 0.00010232062722630709
Time spent: 0.6998687148094177 150.63201318581898

Model: sgd, n_iter: 37, rank: 25, init_stdev: 0.01801214361539302, reg_w: 9.679035311296882, reg_v: 0.20575808016499247, step_size: 0.0014589412216335265
MNAP: 0.00010676492819349961
Time spent: 0.3818299412727356 141.60705554087957

Model: sgd, n_iter: 60, rank: 13, init_stdev: 0.00016157444059204174, reg_w: 27.184626996416114, reg_v: 0.02488007665497333, step_size: 0.00014185824490457828
MNAP: 0.0001808635908783916
Time spent: 0.6780688325564067 246.3026666720708

